# JRE version: OpenJDK Runtime Environment (11.0.15) (build 11.0.15+0-b2043.56-9505619)
# Java VM: OpenJDK 64-Bit Server VM (11.0.15+0-b2043.56-9505619, mixed mode, tiered, compressed oops, g1 gc, windows-amd64)
Heap:
 garbage-first heap   total 327680K, used 149940K [0x0000000080000000, 0x0000000100000000)
  region size 1024K, 51 young (52224K), 10 survivors (10240K)
 Metaspace       used 128993K, capacity 134302K, committed 134812K, reserved 1165312K
  class space    used 17070K, capacity 19226K, committed 19404K, reserved 1048576K
GC Heap History (20 events):
Event: 6.215 GC heap before
{Heap before GC invocations=8 (full 0):
 garbage-first heap   total 327680K, used 152106K [0x0000000080000000, 0x0000000100000000)
  region size 1024K, 129 young (132096K), 6 survivors (6144K)
 Metaspace       used 46235K, capacity 47308K, committed 47440K, reserved 1091584K
  class space    used 5904K, capacity 6299K, committed 6348K, reserved 1048576K
}
Event: 6.235 GC heap after
{Heap after GC invocations=9 (full 0):
 garbage-first heap   total 327680K, used 30979K [0x0000000080000000, 0x0000000100000000)
  region size 1024K, 14 young (14336K), 14 survivors (14336K)
 Metaspace       used 46235K, capacity 47308K, committed 47440K, reserved 1091584K
  class space    used 5904K, capacity 6299K, committed 6348K, reserved 1048576K
}
Event: 14.217 GC heap before
{Heap before GC invocations=10 (full 0):
 garbage-first heap   total 327680K, used 174339K [0x0000000080000000, 0x0000000100000000)
  region size 1024K, 152 young (155648K), 14 survivors (14336K)
 Metaspace       used 57247K, capacity 58656K, committed 58704K, reserved 1099776K
  class space    used 7252K, capacity 7843K, committed 7884K, reserved 1048576K
}
Event: 14.232 GC heap after
{Heap after GC invocations=11 (full 0):
 garbage-first heap   total 327680K, used 44018K [0x0000000080000000, 0x0000000100000000)
  region size 1024K, 19 young (19456K), 19 survivors (19456K)
 Metaspace       used 57247K, capacity 58656K, committed 58704K, reserved 1099776K
  class space    used 7252K, capacity 7843K, committed 7884K, reserved 1048576K
}
Event: 16.484 GC heap before
{Heap before GC invocations=11 (full 0):
 garbage-first heap   total 327680K, used 226290K [0x0000000080000000, 0x0000000100000000)
  region size 1024K, 189 young (193536K), 19 survivors (19456K)
 Metaspace       used 70640K, capacity 72259K, committed 72528K, reserved 1112064K
  class space    used 8916K, capacity 9585K, committed 9676K, reserved 1048576K
}
Event: 16.502 GC heap after
{Heap after GC invocations=12 (full 0):
 garbage-first heap   total 327680K, used 55075K [0x0000000080000000, 0x0000000100000000)
  region size 1024K, 22 young (22528K), 22 survivors (22528K)
 Metaspace       used 70640K, capacity 72259K, committed 72528K, reserved 1112064K
  class space    used 8916K, capacity 9585K, committed 9676K, reserved 1048576K
}
Event: 17.678 GC heap before
{Heap before GC invocations=12 (full 0):
 garbage-first heap   total 327680K, used 120611K [0x0000000080000000, 0x0000000100000000)
  region size 1024K, 87 young (89088K), 22 survivors (22528K)
 Metaspace       used 77523K, capacity 79328K, committed 79496K, reserved 1118208K
  class space    used 10038K, capacity 10769K, committed 10828K, reserved 1048576K
}
Event: 17.708 GC heap after
{Heap after GC invocations=13 (full 0):
 garbage-first heap   total 327680K, used 60322K [0x0000000080000000, 0x0000000100000000)
  region size 1024K, 17 young (17408K), 17 survivors (17408K)
 Metaspace       used 77523K, capacity 79328K, committed 79496K, reserved 1118208K
  class space    used 10038K, capacity 10769K, committed 10828K, reserved 1048576K
}
Event: 19.818 GC heap before
{Heap before GC invocations=14 (full 0):
 garbage-first heap   total 327680K, used 207778K [0x0000000080000000, 0x0000000100000000)
  region size 1024K, 162 young (165888K), 17 survivors (17408K)
 Metaspace       used 86370K, capacity 88548K, committed 88584K, reserved 1126400K
  class space    used 11131K, capacity 11950K, committed 11980K, reserved 1048576K
}
Event: 19.839 GC heap after
{Heap after GC invocations=15 (full 0):
 garbage-first heap   total 327680K, used 76571K [0x0000000080000000, 0x0000000100000000)
  region size 1024K, 21 young (21504K), 21 survivors (21504K)
 Metaspace       used 86370K, capacity 88548K, committed 88584K, reserved 1126400K
  class space    used 11131K, capacity 11950K, committed 11980K, reserved 1048576K
}
Event: 22.422 GC heap before
{Heap before GC invocations=15 (full 0):
 garbage-first heap   total 327680K, used 218907K [0x0000000080000000, 0x0000000100000000)
  region size 1024K, 161 young (164864K), 21 survivors (21504K)
 Metaspace       used 90644K, capacity 93245K, committed 93448K, reserved 1130496K
  class space    used 11755K, capacity 12725K, committed 12748K, reserved 1048576K
}
Event: 22.449 GC heap after
{Heap after GC invocations=16 (full 0):
 garbage-first heap   total 327680K, used 87959K [0x0000000080000000, 0x0000000100000000)
  region size 1024K, 12 young (12288K), 12 survivors (12288K)
 Metaspace       used 90644K, capacity 93245K, committed 93448K, reserved 1130496K
  class space    used 11755K, capacity 12725K, committed 12748K, reserved 1048576K
}
Event: 25.435 GC heap before
{Heap before GC invocations=16 (full 0):
 garbage-first heap   total 327680K, used 235415K [0x0000000080000000, 0x0000000100000000)
  region size 1024K, 153 young (156672K), 12 survivors (12288K)
 Metaspace       used 101930K, capacity 105073K, committed 105352K, reserved 1140736K
  class space    used 13143K, capacity 14311K, committed 14412K, reserved 1048576K
}
Event: 25.451 GC heap after
{Heap after GC invocations=17 (full 0):
 garbage-first heap   total 327680K, used 94812K [0x0000000080000000, 0x0000000100000000)
  region size 1024K, 17 young (17408K), 17 survivors (17408K)
 Metaspace       used 101930K, capacity 105073K, committed 105352K, reserved 1140736K
  class space    used 13143K, capacity 14311K, committed 14412K, reserved 1048576K
}
Event: 28.864 GC heap before
{Heap before GC invocations=17 (full 0):
 garbage-first heap   total 327680K, used 241244K [0x0000000080000000, 0x0000000100000000)
  region size 1024K, 160 young (163840K), 17 survivors (17408K)
 Metaspace       used 117200K, capacity 122341K, committed 122504K, reserved 1155072K
  class space    used 15850K, capacity 17972K, committed 17996K, reserved 1048576K
}
Event: 28.890 GC heap after
{Heap after GC invocations=18 (full 0):
 garbage-first heap   total 327680K, used 93710K [0x0000000080000000, 0x0000000100000000)
  region size 1024K, 8 young (8192K), 8 survivors (8192K)
 Metaspace       used 117200K, capacity 122341K, committed 122504K, reserved 1155072K
  class space    used 15850K, capacity 17972K, committed 17996K, reserved 1048576K
}
Event: 712.193 GC heap before
{Heap before GC invocations=18 (full 0):
 garbage-first heap   total 327680K, used 255502K [0x0000000080000000, 0x0000000100000000)
  region size 1024K, 160 young (163840K), 8 survivors (8192K)
 Metaspace       used 127288K, capacity 132681K, committed 132872K, reserved 1163264K
  class space    used 16894K, capacity 19092K, committed 19148K, reserved 1048576K
}
Event: 712.210 GC heap after
{Heap after GC invocations=19 (full 0):
 garbage-first heap   total 327680K, used 101551K [0x0000000080000000, 0x0000000100000000)
  region size 1024K, 16 young (16384K), 16 survivors (16384K)
 Metaspace       used 127288K, capacity 132681K, committed 132872K, reserved 1163264K
  class space    used 16894K, capacity 19092K, committed 19148K, reserved 1048576K
}
Event: 712.446 GC heap before
{Heap before GC invocations=19 (full 0):
 garbage-first heap   total 327680K, used 110767K [0x0000000080000000, 0x0000000100000000)
  region size 1024K, 26 young (26624K), 16 survivors (16384K)
 Metaspace       used 127449K, capacity 132827K, committed 132920K, reserved 1163264K
  class space    used 16902K, capacity 19096K, committed 19148K, reserved 1048576K
}
Event: 712.463 GC heap after
{Heap after GC invocations=20 (full 0):
 garbage-first heap   total 327680K, used 102836K [0x0000000080000000, 0x0000000100000000)
  region size 1024K, 10 young (10240K), 10 survivors (10240K)
 Metaspace       used 127449K, capacity 132827K, committed 132920K, reserved 1163264K
  class space    used 16902K, capacity 19096K, committed 19148K, reserved 1048576K
}

