# JRE version: OpenJDK Runtime Environment (11.0.15) (build 11.0.15+0-b2043.56-9505619)
# Java VM: OpenJDK 64-Bit Server VM (11.0.15+0-b2043.56-9505619, mixed mode, tiered, compressed oops, g1 gc, windows-amd64)
Heap:
 garbage-first heap   total 327680K, used 213140K [0x0000000080000000, 0x0000000100000000)
  region size 1024K, 6 young (6144K), 4 survivors (4096K)
 Metaspace       used 145021K, capacity 149536K, committed 152400K, reserved 1181696K
  class space    used 18339K, capacity 19998K, committed 21248K, reserved 1048576K
GC Heap History (20 events):
Event: 1566.190 GC heap before
{Heap before GC invocations=25 (full 0):
 garbage-first heap   total 327680K, used 216260K [0x0000000080000000, 0x0000000100000000)
  region size 1024K, 16 young (16384K), 13 survivors (13312K)
 Metaspace       used 135836K, capacity 140529K, committed 143312K, reserved 1173504K
  class space    used 17502K, capacity 19231K, committed 20352K, reserved 1048576K
}
Event: 1566.199 GC heap after
{Heap after GC invocations=26 (full 0):
 garbage-first heap   total 327680K, used 211413K [0x0000000080000000, 0x0000000100000000)
  region size 1024K, 2 young (2048K), 2 survivors (2048K)
 Metaspace       used 135836K, capacity 140529K, committed 143312K, reserved 1173504K
  class space    used 17502K, capacity 19231K, committed 20352K, reserved 1048576K
}
Event: 1566.210 GC heap before
{Heap before GC invocations=26 (full 0):
 garbage-first heap   total 327680K, used 211413K [0x0000000080000000, 0x0000000100000000)
  region size 1024K, 4 young (4096K), 2 survivors (2048K)
 Metaspace       used 135992K, capacity 140657K, committed 143312K, reserved 1173504K
  class space    used 17508K, capacity 19231K, committed 20352K, reserved 1048576K
}
Event: 1566.214 GC heap after
{Heap after GC invocations=27 (full 0):
 garbage-first heap   total 327680K, used 210886K [0x0000000080000000, 0x0000000100000000)
  region size 1024K, 1 young (1024K), 1 survivors (1024K)
 Metaspace       used 135992K, capacity 140657K, committed 143312K, reserved 1173504K
  class space    used 17508K, capacity 19231K, committed 20352K, reserved 1048576K
}
Event: 1582.955 GC heap before
{Heap before GC invocations=28 (full 0):
 garbage-first heap   total 327680K, used 279494K [0x0000000080000000, 0x0000000100000000)
  region size 1024K, 67 young (68608K), 1 survivors (1024K)
 Metaspace       used 141056K, capacity 145640K, committed 148432K, reserved 1177600K
  class space    used 17999K, capacity 19701K, committed 20864K, reserved 1048576K
}
Event: 1582.973 GC heap after
{Heap after GC invocations=29 (full 0):
 garbage-first heap   total 327680K, used 213889K [0x0000000080000000, 0x0000000100000000)
  region size 1024K, 4 young (4096K), 4 survivors (4096K)
 Metaspace       used 141056K, capacity 145640K, committed 148432K, reserved 1177600K
  class space    used 17999K, capacity 19701K, committed 20864K, reserved 1048576K
}
Event: 1586.226 GC heap before
{Heap before GC invocations=29 (full 0):
 garbage-first heap   total 327680K, used 226177K [0x0000000080000000, 0x0000000100000000)
  region size 1024K, 16 young (16384K), 4 survivors (4096K)
 Metaspace       used 141104K, capacity 145787K, committed 148432K, reserved 1177600K
  class space    used 18004K, capacity 19705K, committed 20864K, reserved 1048576K
}
Event: 1586.233 GC heap after
{Heap after GC invocations=30 (full 0):
 garbage-first heap   total 327680K, used 212105K [0x0000000080000000, 0x0000000100000000)
  region size 1024K, 1 young (1024K), 1 survivors (1024K)
 Metaspace       used 141104K, capacity 145787K, committed 148432K, reserved 1177600K
  class space    used 18004K, capacity 19705K, committed 20864K, reserved 1048576K
}
Event: 1614.618 GC heap before
{Heap before GC invocations=30 (full 0):
 garbage-first heap   total 327680K, used 279689K [0x0000000080000000, 0x0000000100000000)
  region size 1024K, 67 young (68608K), 1 survivors (1024K)
 Metaspace       used 142004K, capacity 146766K, committed 149200K, reserved 1177600K
  class space    used 18106K, capacity 19834K, committed 20864K, reserved 1048576K
}
Event: 1614.629 GC heap after
{Heap after GC invocations=31 (full 0):
 garbage-first heap   total 327680K, used 214678K [0x0000000080000000, 0x0000000100000000)
  region size 1024K, 4 young (4096K), 4 survivors (4096K)
 Metaspace       used 142004K, capacity 146766K, committed 149200K, reserved 1177600K
  class space    used 18106K, capacity 19834K, committed 20864K, reserved 1048576K
}
Event: 1615.532 GC heap before
{Heap before GC invocations=32 (full 0):
 garbage-first heap   total 327680K, used 280214K [0x0000000080000000, 0x0000000100000000)
  region size 1024K, 68 young (69632K), 4 survivors (4096K)
 Metaspace       used 144083K, capacity 148793K, committed 151248K, reserved 1179648K
  class space    used 18353K, capacity 20061K, committed 21120K, reserved 1048576K
}
Event: 1615.541 GC heap after
{Heap after GC invocations=33 (full 0):
 garbage-first heap   total 327680K, used 217220K [0x0000000080000000, 0x0000000100000000)
  region size 1024K, 6 young (6144K), 6 survivors (6144K)
 Metaspace       used 144083K, capacity 148793K, committed 151248K, reserved 1179648K
  class space    used 18353K, capacity 20061K, committed 21120K, reserved 1048576K
}
Event: 2092.385 GC heap before
{Heap before GC invocations=33 (full 0):
 garbage-first heap   total 327680K, used 280708K [0x0000000080000000, 0x0000000100000000)
  region size 1024K, 69 young (70656K), 6 survivors (6144K)
 Metaspace       used 145345K, capacity 150374K, committed 152144K, reserved 1179648K
  class space    used 18520K, capacity 20376K, committed 21248K, reserved 1048576K
}
Event: 2092.402 GC heap after
{Heap after GC invocations=34 (full 0):
 garbage-first heap   total 327680K, used 221754K [0x0000000080000000, 0x0000000100000000)
  region size 1024K, 8 young (8192K), 8 survivors (8192K)
 Metaspace       used 145345K, capacity 150374K, committed 152144K, reserved 1179648K
  class space    used 18520K, capacity 20376K, committed 21248K, reserved 1048576K
}
Event: 2111.452 GC heap before
{Heap before GC invocations=35 (full 0):
 garbage-first heap   total 327680K, used 280122K [0x0000000080000000, 0x0000000100000000)
  region size 1024K, 66 young (67584K), 8 survivors (8192K)
 Metaspace       used 144734K, capacity 149305K, committed 152400K, reserved 1181696K
  class space    used 18322K, capacity 19974K, committed 21248K, reserved 1048576K
}
Event: 2111.473 GC heap after
{Heap after GC invocations=36 (full 0):
 garbage-first heap   total 327680K, used 225815K [0x0000000080000000, 0x0000000100000000)
  region size 1024K, 9 young (9216K), 9 survivors (9216K)
 Metaspace       used 144734K, capacity 149305K, committed 152400K, reserved 1181696K
  class space    used 18322K, capacity 19974K, committed 21248K, reserved 1048576K
}
Event: 2117.613 GC heap before
{Heap before GC invocations=36 (full 0):
 garbage-first heap   total 327680K, used 232983K [0x0000000080000000, 0x0000000100000000)
  region size 1024K, 16 young (16384K), 9 survivors (9216K)
 Metaspace       used 144741K, capacity 149305K, committed 152400K, reserved 1181696K
  class space    used 18322K, capacity 19974K, committed 21248K, reserved 1048576K
}
Event: 2117.633 GC heap after
{Heap after GC invocations=37 (full 0):
 garbage-first heap   total 327680K, used 209564K [0x0000000080000000, 0x0000000100000000)
  region size 1024K, 2 young (2048K), 2 survivors (2048K)
 Metaspace       used 144741K, capacity 149305K, committed 152400K, reserved 1181696K
  class space    used 18322K, capacity 19974K, committed 21248K, reserved 1048576K
}
Event: 2833.021 GC heap before
{Heap before GC invocations=37 (full 0):
 garbage-first heap   total 327680K, used 276124K [0x0000000080000000, 0x0000000100000000)
  region size 1024K, 68 young (69632K), 2 survivors (2048K)
 Metaspace       used 145021K, capacity 149536K, committed 152400K, reserved 1181696K
  class space    used 18339K, capacity 19998K, committed 21248K, reserved 1048576K
}
Event: 2833.031 GC heap after
{Heap after GC invocations=38 (full 0):
 garbage-first heap   total 327680K, used 212116K [0x0000000080000000, 0x0000000100000000)
  region size 1024K, 4 young (4096K), 4 survivors (4096K)
 Metaspace       used 145021K, capacity 149536K, committed 152400K, reserved 1181696K
  class space    used 18339K, capacity 19998K, committed 21248K, reserved 1048576K
}

